2023-07-06 17:05:57.739764	-- function: downloader; process type: threads; link: http://wallpapers-images.ru/2560x1600/space/wallpapers/wallpapers-space-01.jpg; time taken: 0.15908055
2023-07-06 17:05:57.739710	-- function: downloader; process type: threads; link: http://wallpapers-images.ru/2560x1600/space/wallpapers/wallpapers-space-05.jpg; time taken: 0.160415972
2023-07-06 17:05:57.740413	-- function: downloader; process type: threads; link: http://wallpapers-images.ru/2560x1600/space/wallpapers/wallpapers-space-04.jpg; time taken: 0.159384032
2023-07-06 17:05:57.758449	-- function: downloader; process type: threads; link: http://wallpapers-images.ru/2560x1600/space/wallpapers/wallpapers-space-03.jpg; time taken: 0.176803244
2023-07-06 17:05:57.789124	-- function: downloader; process type: threads; link: http://wallpapers-images.ru/2560x1600/space/wallpapers/wallpapers-space-02.jpg; time taken: 0.209026995
2023-07-06 17:05:57.803605	-- function: downloader; process type: threads; link: http://wallpapers-images.ru/2560x1600/space/wallpapers/wallpapers-space-0.jpg; time taken: 0.225199935
2023-07-06 17:05:58.428656	-- function: downloader; process type: threads; link: http://wallpapers-images.ru/2560x1600/space/wallpapers/wallpapers-space-13.jpg; time taken: 0.84259525
2023-07-06 17:05:58.929676	-- function: downloader; process type: threads; link: http://wallpapers-images.ru/2560x1600/space/wallpapers/wallpapers-space-14.jpg; time taken: 1.343113431
2023-07-06 17:05:59.062063	-- function: downloader; process type: threads; link: http://wallpapers-images.ru/2560x1600/space/wallpapers/wallpapers-space-18.jpg; time taken: 1.473884286
2023-07-06 17:05:59.176647	-- function: downloader; process type: threads; link: http://wallpapers-images.ru/2560x1600/space/wallpapers/wallpapers-space-16.jpg; time taken: 1.589053777
2023-07-06 17:05:59.244035	-- function: downloader; process type: threads; link: http://wallpapers-images.ru/2560x1600/space/wallpapers/wallpapers-space-7.jpg; time taken: 1.6622649
2023-07-06 17:05:59.282440	-- function: downloader; process type: threads; link: http://wallpapers-images.ru/2560x1600/space/wallpapers/wallpapers-space-22.jpg; time taken: 1.691589787
2023-07-06 17:05:59.391525	-- function: downloader; process type: threads; link: http://wallpapers-images.ru/2560x1600/space/wallpapers/wallpapers-space-11.jpg; time taken: 1.806586276
2023-07-06 17:05:59.397286	-- function: downloader; process type: threads; link: http://wallpapers-images.ru/2560x1600/space/wallpapers/wallpapers-space-21.jpg; time taken: 1.807010273
2023-07-06 17:05:59.406545	-- function: downloader; process type: threads; link: http://wallpapers-images.ru/2560x1600/space/wallpapers/wallpapers-space-28.jpg; time taken: 1.812540294
2023-07-06 17:05:59.494477	-- function: downloader; process type: threads; link: http://wallpapers-images.ru/2560x1600/space/wallpapers/wallpapers-space-12.jpg; time taken: 1.909254029
2023-07-06 17:05:59.557957	-- function: downloader; process type: threads; link: http://wallpapers-images.ru/2560x1600/space/wallpapers/wallpapers-space-20.jpg; time taken: 1.968161215
2023-07-06 17:05:59.616735	-- function: downloader; process type: threads; link: http://wallpapers-images.ru/2560x1600/space/wallpapers/wallpapers-space-23.jpg; time taken: 2.025327895
2023-07-06 17:05:59.664090	-- function: downloader; process type: threads; link: http://wallpapers-images.ru/2560x1600/space/wallpapers/wallpapers-space-17.jpg; time taken: 2.076396164
2023-07-06 17:05:59.703491	-- function: downloader; process type: threads; link: http://wallpapers-images.ru/2560x1600/space/wallpapers/wallpapers-space-10.jpg; time taken: 2.119073146
2023-07-06 17:05:59.757988	-- function: downloader; process type: threads; link: http://wallpapers-images.ru/2560x1600/space/wallpapers/wallpapers-space-8.jpg; time taken: 2.174621551
2023-07-06 17:05:59.767623	-- function: downloader; process type: threads; link: http://wallpapers-images.ru/2560x1600/space/wallpapers/wallpapers-space-9.jpg; time taken: 2.183662604
2023-07-06 17:05:59.775165	-- function: downloader; process type: threads; link: http://wallpapers-images.ru/2560x1600/space/wallpapers/wallpapers-space-25.jpg; time taken: 2.182821471
2023-07-06 17:05:59.795212	-- function: downloader; process type: threads; link: http://wallpapers-images.ru/2560x1600/space/wallpapers/wallpapers-space-29.jpg; time taken: 2.201118089
2023-07-06 17:05:59.902939	-- function: downloader; process type: threads; link: http://wallpapers-images.ru/2560x1600/space/wallpapers/wallpapers-space-30.jpg; time taken: 2.308015667
2023-07-06 17:05:59.957209	-- function: downloader; process type: threads; link: http://wallpapers-images.ru/2560x1600/space/wallpapers/wallpapers-space-19.jpg; time taken: 2.367891319
2023-07-06 17:05:59.961851	-- function: downloader; process type: threads; link: http://wallpapers-images.ru/2560x1600/space/wallpapers/wallpapers-space-15.jpg; time taken: 2.37476183
2023-07-06 17:06:00.106053	-- function: downloader; process type: threads; link: http://wallpapers-images.ru/2560x1600/space/wallpapers/wallpapers-space-26.jpg; time taken: 2.512996158
2023-07-06 17:06:00.398432	-- function: downloader; process type: threads; link: http://wallpapers-images.ru/2560x1600/space/wallpapers/wallpapers-space-27.jpg; time taken: 2.805285165
2023-07-06 17:06:00.849751	-- function: downloader; process type: threads; link: http://wallpapers-images.ru/2560x1600/space/wallpapers/wallpapers-space-24.jpg; time taken: 3.257861827
2023-07-06 17:06:00.849911	-- function: threaded_way; amount of links 30; time taken: 3.271616481
2023-07-06 17:06:01.084353	-- function: downloader; process type: processes; link: http://wallpapers-images.ru/2560x1600/space/wallpapers/wallpapers-space-0.jpg; time taken: 0.232335197
2023-07-06 17:06:01.084729	-- function: downloader; process type: processes; link: http://wallpapers-images.ru/2560x1600/space/wallpapers/wallpapers-space-02.jpg; time taken: 0.230829744
2023-07-06 17:06:01.088568	-- function: downloader; process type: processes; link: http://wallpapers-images.ru/2560x1600/space/wallpapers/wallpapers-space-03.jpg; time taken: 0.232070652
2023-07-06 17:06:01.099531	-- function: downloader; process type: processes; link: http://wallpapers-images.ru/2560x1600/space/wallpapers/wallpapers-space-05.jpg; time taken: 0.246474556
2023-07-06 17:06:01.099782	-- function: downloader; process type: processes; link: http://wallpapers-images.ru/2560x1600/space/wallpapers/wallpapers-space-04.jpg; time taken: 0.244137055
2023-07-06 17:06:01.151711	-- function: downloader; process type: processes; link: http://wallpapers-images.ru/2560x1600/space/wallpapers/wallpapers-space-01.jpg; time taken: 0.296928594
2023-07-06 17:06:01.970483	-- function: downloader; process type: processes; link: http://wallpapers-images.ru/2560x1600/space/wallpapers/wallpapers-space-13.jpg; time taken: 1.106964556
2023-07-06 17:06:02.053823	-- function: downloader; process type: processes; link: http://wallpapers-images.ru/2560x1600/space/wallpapers/wallpapers-space-14.jpg; time taken: 1.189202929
2023-07-06 17:06:02.367695	-- function: downloader; process type: processes; link: http://wallpapers-images.ru/2560x1600/space/wallpapers/wallpapers-space-7.jpg; time taken: 1.510229269
2023-07-06 17:06:02.393392	-- function: downloader; process type: processes; link: http://wallpapers-images.ru/2560x1600/space/wallpapers/wallpapers-space-11.jpg; time taken: 1.531928386
2023-07-06 17:06:02.468556	-- function: downloader; process type: processes; link: http://wallpapers-images.ru/2560x1600/space/wallpapers/wallpapers-space-18.jpg; time taken: 1.599832173
2023-07-06 17:06:02.605672	-- function: downloader; process type: processes; link: http://wallpapers-images.ru/2560x1600/space/wallpapers/wallpapers-space-16.jpg; time taken: 1.738868211
2023-07-06 17:06:02.651918	-- function: downloader; process type: processes; link: http://wallpapers-images.ru/2560x1600/space/wallpapers/wallpapers-space-22.jpg; time taken: 1.779583842
2023-07-06 17:06:02.679252	-- function: downloader; process type: processes; link: http://wallpapers-images.ru/2560x1600/space/wallpapers/wallpapers-space-9.jpg; time taken: 1.819805168
2023-07-06 17:06:02.688816	-- function: downloader; process type: processes; link: http://wallpapers-images.ru/2560x1600/space/wallpapers/wallpapers-space-21.jpg; time taken: 1.817393738
2023-07-06 17:06:02.775401	-- function: downloader; process type: processes; link: http://wallpapers-images.ru/2560x1600/space/wallpapers/wallpapers-space-28.jpg; time taken: 1.897387073
2023-07-06 17:06:02.827913	-- function: downloader; process type: processes; link: http://wallpapers-images.ru/2560x1600/space/wallpapers/wallpapers-space-15.jpg; time taken: 1.962209218
2023-07-06 17:06:02.905471	-- function: downloader; process type: processes; link: http://wallpapers-images.ru/2560x1600/space/wallpapers/wallpapers-space-23.jpg; time taken: 2.03224437
2023-07-06 17:06:02.982505	-- function: downloader; process type: processes; link: http://wallpapers-images.ru/2560x1600/space/wallpapers/wallpapers-space-8.jpg; time taken: 2.123973898
2023-07-06 17:06:03.129892	-- function: downloader; process type: processes; link: http://wallpapers-images.ru/2560x1600/space/wallpapers/wallpapers-space-29.jpg; time taken: 2.250572426
2023-07-06 17:06:03.197075	-- function: downloader; process type: processes; link: http://wallpapers-images.ru/2560x1600/space/wallpapers/wallpapers-space-17.jpg; time taken: 2.329259782
2023-07-06 17:06:03.250819	-- function: downloader; process type: processes; link: http://wallpapers-images.ru/2560x1600/space/wallpapers/wallpapers-space-12.jpg; time taken: 2.38826873
2023-07-06 17:06:03.253303	-- function: downloader; process type: processes; link: http://wallpapers-images.ru/2560x1600/space/wallpapers/wallpapers-space-19.jpg; time taken: 2.38353979
2023-07-06 17:06:03.256221	-- function: downloader; process type: processes; link: http://wallpapers-images.ru/2560x1600/space/wallpapers/wallpapers-space-26.jpg; time taken: 2.38029266
2023-07-06 17:06:03.456509	-- function: downloader; process type: processes; link: http://wallpapers-images.ru/2560x1600/space/wallpapers/wallpapers-space-30.jpg; time taken: 2.575847441
2023-07-06 17:06:03.540372	-- function: downloader; process type: processes; link: http://wallpapers-images.ru/2560x1600/space/wallpapers/wallpapers-space-24.jpg; time taken: 2.66619392
2023-07-06 17:06:03.583455	-- function: downloader; process type: processes; link: http://wallpapers-images.ru/2560x1600/space/wallpapers/wallpapers-space-25.jpg; time taken: 2.708446566
2023-07-06 17:06:03.615070	-- function: downloader; process type: processes; link: http://wallpapers-images.ru/2560x1600/space/wallpapers/wallpapers-space-20.jpg; time taken: 2.744498928
2023-07-06 17:06:03.652649	-- function: downloader; process type: processes; link: http://wallpapers-images.ru/2560x1600/space/wallpapers/wallpapers-space-27.jpg; time taken: 2.775705501
2023-07-06 17:06:04.195671	-- function: downloader; process type: processes; link: http://wallpapers-images.ru/2560x1600/space/wallpapers/wallpapers-space-10.jpg; time taken: 3.335255434
2023-07-06 17:06:04.197205	-- function: processed_way; amount of links 30; time taken: 3.347224395
2023-07-06 17:06:04.197296	-- function: __start_async; amount of links 30; time taken: 2.001e-06
2023-07-06 17:06:04.197702	-- function: __downloader; process type: async; link: http://wallpapers-images.ru/2560x1600/space/wallpapers/wallpapers-space-0.jpg; time taken: 3.258e-06
2023-07-06 17:06:04.197766	-- function: __downloader; process type: async; link: http://wallpapers-images.ru/2560x1600/space/wallpapers/wallpapers-space-05.jpg; time taken: 5.96e-07
2023-07-06 17:06:04.197793	-- function: __downloader; process type: async; link: http://wallpapers-images.ru/2560x1600/space/wallpapers/wallpapers-space-02.jpg; time taken: 3.42e-07
2023-07-06 17:06:04.197822	-- function: __downloader; process type: async; link: http://wallpapers-images.ru/2560x1600/space/wallpapers/wallpapers-space-01.jpg; time taken: 3.04e-07
2023-07-06 17:06:04.197843	-- function: __downloader; process type: async; link: http://wallpapers-images.ru/2560x1600/space/wallpapers/wallpapers-space-04.jpg; time taken: 2.87e-07
2023-07-06 17:06:04.197868	-- function: __downloader; process type: async; link: http://wallpapers-images.ru/2560x1600/space/wallpapers/wallpapers-space-03.jpg; time taken: 3.45e-07
2023-07-06 17:06:04.197889	-- function: __downloader; process type: async; link: http://wallpapers-images.ru/2560x1600/space/wallpapers/wallpapers-space-7.jpg; time taken: 2.92e-07
2023-07-06 17:06:04.197915	-- function: __downloader; process type: async; link: http://wallpapers-images.ru/2560x1600/space/wallpapers/wallpapers-space-8.jpg; time taken: 3.12e-07
2023-07-06 17:06:04.197936	-- function: __downloader; process type: async; link: http://wallpapers-images.ru/2560x1600/space/wallpapers/wallpapers-space-9.jpg; time taken: 3.41e-07
2023-07-06 17:06:04.197955	-- function: __downloader; process type: async; link: http://wallpapers-images.ru/2560x1600/space/wallpapers/wallpapers-space-10.jpg; time taken: 3.01e-07
2023-07-06 17:06:04.197973	-- function: __downloader; process type: async; link: http://wallpapers-images.ru/2560x1600/space/wallpapers/wallpapers-space-11.jpg; time taken: 2.74e-07
2023-07-06 17:06:04.197992	-- function: __downloader; process type: async; link: http://wallpapers-images.ru/2560x1600/space/wallpapers/wallpapers-space-12.jpg; time taken: 2.64e-07
2023-07-06 17:06:04.198016	-- function: __downloader; process type: async; link: http://wallpapers-images.ru/2560x1600/space/wallpapers/wallpapers-space-13.jpg; time taken: 2.15e-07
2023-07-06 17:06:04.198033	-- function: __downloader; process type: async; link: http://wallpapers-images.ru/2560x1600/space/wallpapers/wallpapers-space-14.jpg; time taken: 2.38e-07
2023-07-06 17:06:04.198050	-- function: __downloader; process type: async; link: http://wallpapers-images.ru/2560x1600/space/wallpapers/wallpapers-space-15.jpg; time taken: 3.09e-07
2023-07-06 17:06:04.198067	-- function: __downloader; process type: async; link: http://wallpapers-images.ru/2560x1600/space/wallpapers/wallpapers-space-16.jpg; time taken: 2.82e-07
2023-07-06 17:06:04.198083	-- function: __downloader; process type: async; link: http://wallpapers-images.ru/2560x1600/space/wallpapers/wallpapers-space-17.jpg; time taken: 2.47e-07
2023-07-06 17:06:04.198099	-- function: __downloader; process type: async; link: http://wallpapers-images.ru/2560x1600/space/wallpapers/wallpapers-space-18.jpg; time taken: 2.99e-07
2023-07-06 17:06:04.198117	-- function: __downloader; process type: async; link: http://wallpapers-images.ru/2560x1600/space/wallpapers/wallpapers-space-19.jpg; time taken: 2.92e-07
2023-07-06 17:06:04.198135	-- function: __downloader; process type: async; link: http://wallpapers-images.ru/2560x1600/space/wallpapers/wallpapers-space-20.jpg; time taken: 2.45e-07
2023-07-06 17:06:04.198152	-- function: __downloader; process type: async; link: http://wallpapers-images.ru/2560x1600/space/wallpapers/wallpapers-space-21.jpg; time taken: 2.56e-07
2023-07-06 17:06:04.198170	-- function: __downloader; process type: async; link: http://wallpapers-images.ru/2560x1600/space/wallpapers/wallpapers-space-22.jpg; time taken: 2.7e-07
2023-07-06 17:06:04.198187	-- function: __downloader; process type: async; link: http://wallpapers-images.ru/2560x1600/space/wallpapers/wallpapers-space-23.jpg; time taken: 2.41e-07
2023-07-06 17:06:04.198206	-- function: __downloader; process type: async; link: http://wallpapers-images.ru/2560x1600/space/wallpapers/wallpapers-space-24.jpg; time taken: 7.92e-07
2023-07-06 17:06:04.198223	-- function: __downloader; process type: async; link: http://wallpapers-images.ru/2560x1600/space/wallpapers/wallpapers-space-25.jpg; time taken: 3e-07
2023-07-06 17:06:04.198241	-- function: __downloader; process type: async; link: http://wallpapers-images.ru/2560x1600/space/wallpapers/wallpapers-space-26.jpg; time taken: 2.5e-07
2023-07-06 17:06:04.198257	-- function: __downloader; process type: async; link: http://wallpapers-images.ru/2560x1600/space/wallpapers/wallpapers-space-27.jpg; time taken: 2.47e-07
2023-07-06 17:06:04.198273	-- function: __downloader; process type: async; link: http://wallpapers-images.ru/2560x1600/space/wallpapers/wallpapers-space-28.jpg; time taken: 2.35e-07
2023-07-06 17:06:04.198292	-- function: __downloader; process type: async; link: http://wallpapers-images.ru/2560x1600/space/wallpapers/wallpapers-space-29.jpg; time taken: 2.31e-07
2023-07-06 17:06:04.198311	-- function: __downloader; process type: async; link: http://wallpapers-images.ru/2560x1600/space/wallpapers/wallpapers-space-30.jpg; time taken: 2.67e-07
2023-07-06 17:06:07.907841	-- function: async_way; amount of links 30; time taken: 3.710551125
2023-07-06 17:06:07.907912	-- function: main; totally time taken: 10.329647301
